<?xml version="1.0" encoding="UTF-8"?>
<!-- Generated by org.testng.reporters.JUnitReportReporter -->
<testsuite hostname="VNCP-Lap" failures="0" tests="2" name="com.tutorialninja.testsuite.DesktopTest" time="36.535" errors="0" timestamp="2022-12-13T22:28:53 GMT" skipped="0">
  <testcase classname="com.tutorialninja.testsuite.DesktopTest" name="verifyProductArrangeInAlphabeticalOrder" time="6.733"/>
  <system-out>
    <![CDATA[clickOnDesktopLink[[ChromeDriver: chrome on WINDOWS (296aa59f61f2356b4852885805a5c81b)] -> link text: Desktops]
clickOnShowAllDeskTop[[ChromeDriver: chrome on WINDOWS (296aa59f61f2356b4852885805a5c81b)] -> xpath: //a[contains(text(),'Show All Desktops')]]
Click to see screenshot
<a target = "_blank" href=C:\Users\Nimisha\Week15-project5-com-tutorialninja-page-factory_NimishaPatel/test-output/html/verifyProductArrangeInAlphabeticalOrderTue_Dec_13_22_22_48_GMT_2022.jpg>Screenshot</a>
<br>
Click to see screenshot
<a target = "_blank" href=C:\Users\Nimisha\Week15-project5-com-tutorialninja-page-factory_NimishaPatel/test-output/html/verifyProductArrangeInAlphabeticalOrderTue_Dec_13_22_22_48_GMT_2022.jpg>Screenshot</a>
<br>]]>
  </system-out>
  <testcase classname="com.tutorialninja.testsuite.DesktopTest" name="verifyProductAddedToShoppingCartSuccessFully" time="29.802"/>
  <system-out>
    <![CDATA[currencyLink[[ChromeDriver: chrome on WINDOWS (3a07abf382164bf52919f882f6b348e2)] -> xpath: //span[contains(text(),'Currency')]]
clickOnDesktopLink[[ChromeDriver: chrome on WINDOWS (3a07abf382164bf52919f882f6b348e2)] -> link text: Desktops]
clickOnShowAllDeskTop[[ChromeDriver: chrome on WINDOWS (3a07abf382164bf52919f882f6b348e2)] -> xpath: //a[contains(text(),'Show All Desktops')]]
sortByNameZtoA[[ChromeDriver: chrome on WINDOWS (3a07abf382164bf52919f882f6b348e2)] -> id: input-sort]
clickOnHpLp3065[[ChromeDriver: chrome on WINDOWS (3a07abf382164bf52919f882f6b348e2)] -> xpath: //a[contains(text(),'HP LP3065')]]
verifyTextHplp3065[[ChromeDriver: chrome on WINDOWS (3a07abf382164bf52919f882f6b348e2)] -> xpath: //h1[contains(text(),'HP LP3065')]]
addToCart[[ChromeDriver: chrome on WINDOWS (3a07abf382164bf52919f882f6b348e2)] -> xpath: //button[@id='button-cart']]
verifyShoppingCart[[ChromeDriver: chrome on WINDOWS (3a07abf382164bf52919f882f6b348e2)] -> xpath: //div[@id='content']//h1]
clickShoppingCart[[ChromeDriver: chrome on WINDOWS (3a07abf382164bf52919f882f6b348e2)] -> xpath: //button[@id='button-cart']]
verifyHPlp3065[[ChromeDriver: chrome on WINDOWS (3a07abf382164bf52919f882f6b348e2)] -> xpath: //h1[contains(text(),'HP LP3065')]]
verifyModel[[ChromeDriver: chrome on WINDOWS (3a07abf382164bf52919f882f6b348e2)] -> xpath: //li[contains(text(),'Product Code: Product 21')]]
Click to see screenshot
<a target = "_blank" href=C:\Users\Nimisha\Week15-project5-com-tutorialninja-page-factory_NimishaPatel/test-output/html/verifyProductAddedToShoppingCartSuccessFullyTue_Dec_13_22_22_41_GMT_2022.jpg>Screenshot</a>
<br>
Click to see screenshot
<a target = "_blank" href=C:\Users\Nimisha\Week15-project5-com-tutorialninja-page-factory_NimishaPatel/test-output/html/verifyProductAddedToShoppingCartSuccessFullyTue_Dec_13_22_22_41_GMT_2022.jpg>Screenshot</a>
<br>]]>
  </system-out>
</testsuite> <!-- com.tutorialninja.testsuite.DesktopTest -->
